<?xml version="1.0" encoding="UTF-8"?>
<!-- Generated by org.testng.reporters.JUnitReportReporter -->
<testsuite hostname="FemiTunde" failures="0" tests="2" name="allureReports.Contact" time="3.724" errors="0" timestamp="2020-03-27T21:09:06 GMT" skipped="0">
  <testcase classname="allureReports.Contact" name="verifycontactus" time="1.881"/>
  <system-out/>
  <testcase classname="allureReports.Contact" name="recentlyviewedProducts" time="1.843"/>
  <system-out/>
</testsuite> <!-- allureReports.Contact -->
