<?xml version="1.0" encoding="UTF-8"?>
<!-- Generated by org.testng.reporters.JUnitReportReporter -->
<testsuite hostname="FemiTunde" failures="0" tests="2" name="allureReports.RegisterandLogin" time="4.374" errors="0" timestamp="2020-03-21T20:12:16 GMT" skipped="0">
  <testcase classname="allureReports.RegisterandLogin" name="registrationTest" time="2.572"/>
  <system-out/>
  <testcase classname="allureReports.RegisterandLogin" name="login" time="1.802"/>
  <system-out/>
</testsuite> <!-- allureReports.RegisterandLogin -->
