<?xml version="1.0" encoding="UTF-8"?>
<!-- Generated by org.testng.reporters.JUnitReportReporter -->
<testsuite hostname="FemiTunde" failures="0" tests="2" name="allureReports.RegisterandLogin" time="5.762" errors="0" timestamp="2020-03-18T22:05:43 GMT" skipped="0">
  <testcase classname="allureReports.RegisterandLogin" name="registrationTest" time="3.394"/>
  <system-out/>
  <testcase classname="allureReports.RegisterandLogin" name="login" time="2.368"/>
  <system-out/>
</testsuite> <!-- allureReports.RegisterandLogin -->
