<?xml version="1.0" encoding="UTF-8"?>
<!-- Generated by org.testng.reporters.JUnitReportReporter -->
<testsuite hostname="FemiTunde" failures="0" tests="2" name="allureReports.Contact" time="6.348" errors="0" timestamp="2020-03-26T09:36:04 GMT" skipped="0">
  <testcase classname="allureReports.Contact" name="verifycontactus" time="3.902"/>
  <system-out/>
  <testcase classname="allureReports.Contact" name="recentlyviewedProducts" time="2.446"/>
  <system-out/>
</testsuite> <!-- allureReports.Contact -->
