<?xml version="1.0" encoding="UTF-8"?>
<!-- Generated by org.testng.reporters.JUnitReportReporter -->
<testsuite hostname="FemiTunde" failures="0" tests="2" name="allureReports.WomenProducts" time="0.019" errors="1" timestamp="2020-03-23T20:42:22 GMT" skipped="1">
  <testcase classname="allureReports.WomenProducts" name="setup" time="0.019">
    <error type="java.lang.NullPointerException">
      <![CDATA[java.lang.NullPointerException
at allureReports.WomenProducts.setup(WomenProducts.java:26)
at java.base/jdk.internal.reflect.NativeMethodAccessorImpl.invoke0(Native Method)
at java.base/jdk.internal.reflect.NativeMethodAccessorImpl.invoke(NativeMethodAccessorImpl.java:62)
at java.base/jdk.internal.reflect.DelegatingMethodAccessorImpl.invoke(DelegatingMethodAccessorImpl.java:43)
at java.base/java.lang.reflect.Method.invoke(Method.java:567)
at org.testng.internal.MethodInvocationHelper.invokeMethod(MethodInvocationHelper.java:135)
at org.testng.internal.MethodInvocationHelper.invokeMethodConsideringTimeout(MethodInvocationHelper.java:64)
at org.testng.internal.ConfigInvoker.invokeConfigurationMethod(ConfigInvoker.java:364)
at org.testng.internal.ConfigInvoker.invokeConfigurations(ConfigInvoker.java:318)
at org.testng.TestRunner.invokeTestConfigurations(TestRunner.java:620)
at org.testng.TestRunner.beforeRun(TestRunner.java:610)
at org.testng.TestRunner.run(TestRunner.java:581)
at org.testng.SuiteRunner.runTest(SuiteRunner.java:384)
at org.testng.SuiteRunner.runSequentially(SuiteRunner.java:378)
at org.testng.SuiteRunner.privateRun(SuiteRunner.java:337)
at org.testng.SuiteRunner.run(SuiteRunner.java:286)
at org.testng.SuiteRunnerWorker.runSuite(SuiteRunnerWorker.java:53)
at org.testng.SuiteRunnerWorker.run(SuiteRunnerWorker.java:96)
at org.testng.TestNG.runSuitesSequentially(TestNG.java:1214)
at org.testng.TestNG.runSuitesLocally(TestNG.java:1136)
at org.testng.TestNG.runSuites(TestNG.java:1066)
at org.testng.TestNG.run(TestNG.java:1034)
at org.testng.remote.AbstractRemoteTestNG.run(AbstractRemoteTestNG.java:115)
at org.testng.remote.RemoteTestNG.initAndRun(RemoteTestNG.java:251)
at org.testng.remote.RemoteTestNG.main(RemoteTestNG.java:77)
]]>
    </error>
  </testcase> <!-- setup -->
  <system-out/>
  <testcase classname="allureReports.WomenProducts" name="addTshirt" time="0.000">
    <skipped/>
  </testcase> <!-- addTshirt -->
  <system-out/>
</testsuite> <!-- allureReports.WomenProducts -->
