<?xml version="1.0" encoding="UTF-8"?>
<!-- Generated by org.testng.reporters.JUnitReportReporter -->
<testsuite hostname="FemiTunde" failures="0" tests="2" name="allureReports.RegisterandLogin" time="5.562" errors="0" timestamp="2020-03-21T14:38:50 GMT" skipped="0">
  <testcase classname="allureReports.RegisterandLogin" name="registrationTest" time="3.350"/>
  <system-out/>
  <testcase classname="allureReports.RegisterandLogin" name="login" time="2.212"/>
  <system-out/>
</testsuite> <!-- allureReports.RegisterandLogin -->
