<?xml version="1.0" encoding="UTF-8"?>
<!-- Generated by org.testng.reporters.JUnitReportReporter -->
<testsuite hostname="FemiTunde" failures="0" tests="1" name="allureReports.localTest" time="3.981" errors="0" timestamp="2020-04-03T21:09:26 BST" skipped="0">
  <testcase classname="allureReports.localTest" name="test1" time="3.981"/>
  <system-out/>
</testsuite> <!-- allureReports.localTest -->
