<?xml version="1.0" encoding="UTF-8"?>
<!-- Generated by org.testng.reporters.JUnitReportReporter -->
<testsuite hostname="FemiTunde" failures="0" tests="2" name="allureReports.FeaturedProduct" time="6.287" errors="0" timestamp="2020-03-28T11:57:25 GMT" skipped="0">
  <testcase classname="allureReports.FeaturedProduct" name="NavigateToFeaturedProduct" time="4.402"/>
  <system-out/>
  <testcase classname="allureReports.FeaturedProduct" name="newproduct" time="1.885"/>
  <system-out/>
</testsuite> <!-- allureReports.FeaturedProduct -->
