<?xml version="1.0" encoding="UTF-8"?>
<!-- Generated by org.testng.reporters.JUnitReportReporter -->
<testsuite hostname="FemiTunde" failures="0" tests="1" name="Access.RegisterandLogin" time="2.817" errors="0" timestamp="2020-03-17T19:45:06 GMT" skipped="0">
  <testcase classname="Access.RegisterandLogin" name="registrationTest" time="2.817"/>
  <system-out/>
</testsuite> <!-- Access.RegisterandLogin -->
