<?xml version="1.0" encoding="UTF-8"?>
<!-- Generated by org.testng.reporters.JUnitReportReporter -->
<testsuite hostname="FemiTunde" failures="0" tests="2" name="allureReports.FeaturedProduct" time="8.681" errors="0" timestamp="2020-03-29T13:14:08 BST" skipped="0">
  <testcase classname="allureReports.FeaturedProduct" name="NavigateToFeaturedProduct" time="5.586"/>
  <system-out/>
  <testcase classname="allureReports.FeaturedProduct" name="newproduct" time="3.095"/>
  <system-out/>
</testsuite> <!-- allureReports.FeaturedProduct -->
