<?xml version="1.0" encoding="UTF-8"?>
<!-- Generated by org.testng.reporters.JUnitReportReporter -->
<testsuite hostname="FemiTunde" failures="0" tests="1" name="allureReports.AddProductsToCartandCheckout" time="14.693" errors="0" timestamp="2020-03-21T09:00:44 GMT" skipped="0">
  <testcase classname="allureReports.AddProductsToCartandCheckout" name="addProducttocart" time="14.693"/>
  <system-out/>
</testsuite> <!-- allureReports.AddProductsToCartandCheckout -->
