<?xml version="1.0" encoding="UTF-8"?>
<!-- Generated by org.testng.reporters.JUnitReportReporter -->
<testsuite hostname="FemiTunde" failures="0" tests="2" name="allureReports.FeaturedProduct" time="7.482" errors="0" timestamp="2020-03-28T12:33:13 GMT" skipped="0">
  <testcase classname="allureReports.FeaturedProduct" name="NavigateToFeaturedProduct" time="5.431"/>
  <system-out/>
  <testcase classname="allureReports.FeaturedProduct" name="newproduct" time="2.051"/>
  <system-out/>
</testsuite> <!-- allureReports.FeaturedProduct -->
