<?xml version="1.0" encoding="UTF-8"?>
<!-- Generated by org.testng.reporters.JUnitReportReporter -->
<testsuite hostname="FemiTunde" failures="0" tests="1" name="allureReports.localTest" time="7.730" errors="0" timestamp="2020-04-11T09:42:28 BST" skipped="0">
  <testcase classname="allureReports.localTest" name="test1" time="7.730"/>
  <system-out/>
</testsuite> <!-- allureReports.localTest -->
