<?xml version="1.0" encoding="UTF-8"?>
<!-- Generated by org.testng.reporters.JUnitReportReporter -->
<testsuite hostname="FemiTunde" failures="0" tests="1" name="allureReports.Contact" time="2.477" errors="0" timestamp="2020-03-25T18:41:07 GMT" skipped="0">
  <testcase classname="allureReports.Contact" name="verifycontactus" time="2.477"/>
  <system-out/>
</testsuite> <!-- allureReports.Contact -->
