<?xml version="1.0" encoding="UTF-8"?>
<!-- Generated by org.testng.reporters.JUnitReportReporter -->
<testsuite hostname="FemiTunde" failures="0" tests="2" name="allureReports.Contact" time="4.579" errors="0" timestamp="2020-03-29T02:35:07 BST" skipped="0">
  <testcase classname="allureReports.Contact" name="verifycontactus" time="2.950"/>
  <system-out/>
  <testcase classname="allureReports.Contact" name="recentlyviewedProducts" time="1.629"/>
  <system-out/>
</testsuite> <!-- allureReports.Contact -->
