<?xml version="1.0" encoding="UTF-8"?>
<!-- Generated by org.testng.reporters.JUnitReportReporter -->
<testsuite hostname="FemiTunde" failures="0" tests="2" name="allureReports.Contact" time="3.194" errors="0" timestamp="2020-03-26T18:48:57 GMT" skipped="0">
  <testcase classname="allureReports.Contact" name="verifycontactus" time="1.171"/>
  <system-out/>
  <testcase classname="allureReports.Contact" name="recentlyviewedProducts" time="2.023"/>
  <system-out/>
</testsuite> <!-- allureReports.Contact -->
