<?xml version="1.0" encoding="UTF-8"?>
<!-- Generated by org.testng.reporters.JUnitReportReporter -->
<testsuite hostname="FemiTunde" failures="0" tests="2" name="allureReports.Contact" time="5.727" errors="0" timestamp="2020-03-26T10:01:17 GMT" skipped="0">
  <testcase classname="allureReports.Contact" name="verifycontactus" time="2.267"/>
  <system-out/>
  <testcase classname="allureReports.Contact" name="recentlyviewedProducts" time="3.460"/>
  <system-out/>
</testsuite> <!-- allureReports.Contact -->
