<?xml version="1.0" encoding="UTF-8"?>
<!-- Generated by org.testng.reporters.JUnitReportReporter -->
<testsuite hostname="FemiTunde" failures="0" tests="2" name="allureReports.RegisterandLogin" time="6.908" errors="0" timestamp="2020-03-28T12:33:13 GMT" skipped="0">
  <testcase classname="allureReports.RegisterandLogin" name="registrationTest" time="3.408"/>
  <system-out/>
  <testcase classname="allureReports.RegisterandLogin" name="login" time="3.500"/>
  <system-out/>
</testsuite> <!-- allureReports.RegisterandLogin -->
