<?xml version="1.0" encoding="UTF-8"?>
<!-- Generated by org.testng.reporters.JUnitReportReporter -->
<testsuite hostname="FemiTunde" failures="0" tests="2" name="allureReports.RegisterandLogin" time="7.062" errors="0" timestamp="2020-03-31T21:50:41 BST" skipped="0">
  <testcase classname="allureReports.RegisterandLogin" name="registrationTest" time="4.755"/>
  <system-out/>
  <testcase classname="allureReports.RegisterandLogin" name="login" time="2.307"/>
  <system-out/>
</testsuite> <!-- allureReports.RegisterandLogin -->
