<?xml version="1.0" encoding="UTF-8"?>
<!-- Generated by org.testng.reporters.JUnitReportReporter -->
<testsuite hostname="FemiTunde" failures="0" tests="1" name="allureReports.AddProductsToCartandCheckout" time="12.240" errors="0" timestamp="2020-03-28T12:33:13 GMT" skipped="0">
  <testcase classname="allureReports.AddProductsToCartandCheckout" name="addProducttocart" time="12.240"/>
  <system-out/>
</testsuite> <!-- allureReports.AddProductsToCartandCheckout -->
