<?xml version="1.0" encoding="UTF-8"?>
<!-- Generated by org.testng.reporters.JUnitReportReporter -->
<testsuite hostname="FemiTunde" failures="0" tests="1" name="Access.RegisterandLogin" time="0.290" errors="0" timestamp="2020-03-17T17:59:50 GMT" skipped="0">
  <testcase classname="Access.RegisterandLogin" name="registrationTest" time="0.290"/>
  <system-out/>
</testsuite> <!-- Access.RegisterandLogin -->
