<?xml version="1.0" encoding="UTF-8"?>
<!-- Generated by org.testng.reporters.JUnitReportReporter -->
<testsuite hostname="FemiTunde" failures="0" tests="1" name="allureReports.AddProductsToCartandCheckout" time="11.357" errors="0" timestamp="2020-03-19T20:09:30 GMT" skipped="0">
  <testcase classname="allureReports.AddProductsToCartandCheckout" name="addProducttocart" time="11.357"/>
  <system-out/>
</testsuite> <!-- allureReports.AddProductsToCartandCheckout -->
