<?xml version="1.0" encoding="UTF-8"?>
<!-- Generated by org.testng.reporters.JUnitReportReporter -->
<testsuite hostname="FemiTunde" failures="0" tests="1" name="allureReports.RegisterandLogin" time="1.700" errors="0" timestamp="2020-03-17T20:28:31 GMT" skipped="0">
  <testcase classname="allureReports.RegisterandLogin" name="registrationTest" time="1.700"/>
  <system-out/>
</testsuite> <!-- allureReports.RegisterandLogin -->
