<?xml version="1.0" encoding="UTF-8"?>
<!-- Generated by org.testng.reporters.JUnitReportReporter -->
<testsuite hostname="FemiTunde" failures="0" tests="2" name="allureReports.Contact" time="4.925" errors="0" timestamp="2020-03-26T13:03:06 GMT" skipped="0">
  <testcase classname="allureReports.Contact" name="verifycontactus" time="2.091"/>
  <system-out/>
  <testcase classname="allureReports.Contact" name="recentlyviewedProducts" time="2.834"/>
  <system-out/>
</testsuite> <!-- allureReports.Contact -->
