<?xml version="1.0" encoding="UTF-8"?>
<!-- Generated by org.testng.reporters.JUnitReportReporter -->
<testsuite hostname="FemiTunde" failures="0" tests="2" name="allureReports.RegisterandLogin" time="7.171" errors="0" timestamp="2020-03-25T18:27:23 GMT" skipped="0">
  <testcase classname="allureReports.RegisterandLogin" name="registrationTest" time="3.097"/>
  <system-out/>
  <testcase classname="allureReports.RegisterandLogin" name="login" time="4.074"/>
  <system-out/>
</testsuite> <!-- allureReports.RegisterandLogin -->
