<?xml version="1.0" encoding="UTF-8"?>
<!-- Generated by org.testng.reporters.JUnitReportReporter -->
<testsuite hostname="FemiTunde" failures="0" tests="1" name="allureReports.FeaturedProduct" time="3.467" errors="0" timestamp="2020-03-25T18:27:23 GMT" skipped="0">
  <testcase classname="allureReports.FeaturedProduct" name="NavigateToFeaturedProduct" time="3.467"/>
  <system-out/>
</testsuite> <!-- allureReports.FeaturedProduct -->
