<?xml version="1.0" encoding="UTF-8"?>
<!-- Generated by org.testng.reporters.JUnitReportReporter -->
<testsuite skipped="0" hostname="FemiTunde" name="allureReports.Contact" tests="2" failures="0" timestamp="2020-03-27T21:03:47 GMT" time="3.638" errors="0">
  <testcase name="verifycontactus" time="1.649" classname="allureReports.Contact"/>
  <system-out/>
  <testcase name="recentlyviewedProducts" time="1.989" classname="allureReports.Contact"/>
  <system-out/>
</testsuite> <!-- allureReports.Contact -->
