<?xml version="1.0" encoding="UTF-8"?>
<!-- Generated by org.testng.reporters.JUnitReportReporter -->
<testsuite hostname="FemiTunde" failures="0" tests="2" name="allureReports.RegisterandLogin" time="8.348" errors="0" timestamp="2020-03-22T12:16:51 GMT" skipped="0">
  <testcase classname="allureReports.RegisterandLogin" name="registrationTest" time="5.754"/>
  <system-out/>
  <testcase classname="allureReports.RegisterandLogin" name="login" time="2.594"/>
  <system-out/>
</testsuite> <!-- allureReports.RegisterandLogin -->
