<?xml version="1.0" encoding="UTF-8"?>
<!-- Generated by org.testng.reporters.JUnitReportReporter -->
<testsuite hostname="FemiTunde" failures="0" tests="1" name="allureReports.AddProductsToCartandCheckout" time="11.563" errors="0" timestamp="2020-03-21T14:31:52 GMT" skipped="0">
  <testcase classname="allureReports.AddProductsToCartandCheckout" name="addProducttocart" time="11.563"/>
  <system-out/>
</testsuite> <!-- allureReports.AddProductsToCartandCheckout -->
