<?xml version="1.0" encoding="UTF-8"?>
<!-- Generated by org.testng.reporters.JUnitReportReporter -->
<testsuite skipped="0" hostname="FemiTunde" name="allureReports.FeaturedProduct" tests="2" failures="0" timestamp="2020-03-27T22:47:57 GMT" time="8.061" errors="0">
  <testcase name="NavigateToFeaturedProduct" time="5.607" classname="allureReports.FeaturedProduct"/>
  <system-out/>
  <testcase name="newproduct" time="2.454" classname="allureReports.FeaturedProduct"/>
  <system-out/>
</testsuite> <!-- allureReports.FeaturedProduct -->
