<?xml version="1.0" encoding="UTF-8"?>
<!-- Generated by org.testng.reporters.JUnitReportReporter -->
<testsuite skipped="0" hostname="FemiTunde" name="allureReports.Contact" tests="2" failures="0" timestamp="2020-03-27T22:47:57 GMT" time="4.202" errors="0">
  <testcase name="verifycontactus" time="1.969" classname="allureReports.Contact"/>
  <system-out/>
  <testcase name="recentlyviewedProducts" time="2.233" classname="allureReports.Contact"/>
  <system-out/>
</testsuite> <!-- allureReports.Contact -->
