<?xml version="1.0" encoding="UTF-8"?>
<!-- Generated by org.testng.reporters.JUnitReportReporter -->
<testsuite skipped="0" hostname="FemiTunde" name="allureReports.localTest" tests="1" failures="0" timestamp="2020-04-12T10:35:46 BST" time="10.977" errors="0">
  <testcase name="test1" time="10.977" classname="allureReports.localTest"/>
  <system-out/>
</testsuite> <!-- allureReports.localTest -->
