<?xml version="1.0" encoding="UTF-8"?>
<!-- Generated by org.testng.reporters.JUnitReportReporter -->
<testsuite hostname="FemiTunde" failures="0" tests="1" name="allureReports.RegisterandLogin" time="2.323" errors="0" timestamp="2020-03-18T11:17:25 GMT" skipped="0">
  <testcase classname="allureReports.RegisterandLogin" name="registrationTest" time="2.323"/>
  <system-out/>
</testsuite> <!-- allureReports.RegisterandLogin -->
